Arguments: 
  /home/arthur/.nvm/versions/node/v10.17.0/bin/node /home/arthur/.yarn/bin/yarn.js add @frenchpastries/authentication

PATH: 
  /home/arthur/Documents/google-cloud-sdk/bin:/home/arthur/.yarn/bin:/home/arthur/.config/yarn/global/node_modules/.bin:/home/arthur/.nvm/versions/node/v10.17.0/bin:/home/arthur/Documents/google-cloud-sdk/bin:/home/arthur/.yarn/bin:/home/arthur/.config/yarn/global/node_modules/.bin:/home/arthur/bin:/home/arthur/.local/bin:/usr/local/sbin:/usr/local/bin:/usr/sbin:/usr/bin:/sbin:/bin:/usr/games:/usr/local/games:/snap/bin:/home/arthur/Android/Sdk/tools:/home/arthur/Android/Sdk/platform-tools:/home/arthur/Android/Sdk/tools:/home/arthur/Android/Sdk/platform-tools

Yarn version: 
  1.22.0

Node version: 
  10.17.0

Platform: 
  linux x64

Trace: 
  Error: https://registry.yarnpkg.com/@frenchpastries%2fauthentication: Not found
      at Request.params.callback [as _callback] (/home/arthur/.yarn/lib/cli.js:66975:18)
      at Request.self.callback (/home/arthur/.yarn/lib/cli.js:140727:22)
      at Request.emit (events.js:198:13)
      at Request.<anonymous> (/home/arthur/.yarn/lib/cli.js:141699:10)
      at Request.emit (events.js:198:13)
      at IncomingMessage.<anonymous> (/home/arthur/.yarn/lib/cli.js:141621:12)
      at Object.onceWrapper (events.js:286:20)
      at IncomingMessage.emit (events.js:203:15)
      at endReadableNT (_stream_readable.js:1143:12)
      at process._tickCallback (internal/process/next_tick.js:63:19)

npm manifest: 
  {
    "name": "authentication",
    "version": "1.0.0",
    "main": "index.js",
    "license": "MIT"
  }

yarn manifest: 
  No manifest

Lockfile: 
  No lockfile
